<?xml version="1.0" encoding="UTF-8"?>
<testsuite name="com.bridgelabz.HotelReservationTest" tests="1" skipped="0" failures="0" errors="0" timestamp="2021-08-09T04:32:13" hostname="DESKTOP-1HA67S6" time="0.026">
  <properties/>
  <testcase name="whenHotelAddedToSystemShouldGetAdded" classname="com.bridgelabz.HotelReservationTest" time="0.026"/>
  <system-out><![CDATA[]]></system-out>
  <system-err><![CDATA[]]></system-err>
</testsuite>
